# JRE version: Java(TM) SE Runtime Environment (8.0_66-b17) (build 1.8.0_66-b17)
# Java VM: Java HotSpot(TM) 64-Bit Server VM (25.66-b17 mixed mode windows-amd64 compressed oops)
Heap:
 PSYoungGen      total 297984K, used 46341K [0x00000000eab00000, 0x00000000ffd80000, 0x0000000100000000)
  eden space 274944K, 8% used [0x00000000eab00000,0x00000000ec1e8420,0x00000000fb780000)
  from space 23040K, 99% used [0x00000000fbe00000,0x00000000fd4592f0,0x00000000fd480000)
  to   space 35840K, 0% used [0x00000000fda80000,0x00000000fda80000,0x00000000ffd80000)
 ParOldGen       total 539136K, used 220650K [0x00000000c0000000, 0x00000000e0e80000, 0x00000000eab00000)
  object space 539136K, 40% used [0x00000000c0000000,0x00000000cd77a9e8,0x00000000e0e80000)
 Metaspace       used 118698K, capacity 122842K, committed 123160K, reserved 1159168K
  class space    used 13062K, capacity 13790K, committed 13864K, reserved 1048576K
GC Heap History (10 events):
Event: 224.117 GC heap before
{Heap before GC invocations=61 (full 4):
 PSYoungGen      total 312320K, used 294032K [0x00000000eab00000, 0x00000000ffa00000, 0x0000000100000000)
  eden space 284672K, 100% used [0x00000000eab00000,0x00000000fc100000,0x00000000fc100000)
  from space 27648K, 33% used [0x00000000fdf00000,0x00000000fe824020,0x00000000ffa00000)
  to   space 29184K, 0% used [0x00000000fc100000,0x00000000fc100000,0x00000000fdd80000)
 ParOldGen       total 539136K, used 220610K [0x00000000c0000000, 0x00000000e0e80000, 0x00000000eab00000)
  object space 539136K, 40% used [0x00000000c0000000,0x00000000cd7709e8,0x00000000e0e80000)
 Metaspace       used 99301K, capacity 100776K, committed 101016K, reserved 1138688K
  class space    used 11084K, capacity 11400K, committed 11432K, reserved 1048576K
Event: 224.134 GC heap after
Heap after GC invocations=61 (full 4):
 PSYoungGen      total 313856K, used 11072K [0x00000000eab00000, 0x00000000fff80000, 0x0000000100000000)
  eden space 284672K, 0% used [0x00000000eab00000,0x00000000eab00000,0x00000000fc100000)
  from space 29184K, 37% used [0x00000000fc100000,0x00000000fcbd0010,0x00000000fdd80000)
  to   space 28160K, 0% used [0x00000000fe400000,0x00000000fe400000,0x00000000fff80000)
 ParOldGen       total 539136K, used 220610K [0x00000000c0000000, 0x00000000e0e80000, 0x00000000eab00000)
  object space 539136K, 40% used [0x00000000c0000000,0x00000000cd7709e8,0x00000000e0e80000)
 Metaspace       used 99301K, capacity 100776K, committed 101016K, reserved 1138688K
  class space    used 11084K, capacity 11400K, committed 11432K, reserved 1048576K
}
Event: 225.319 GC heap before
{Heap before GC invocations=62 (full 4):
 PSYoungGen      total 313856K, used 295744K [0x00000000eab00000, 0x00000000fff80000, 0x0000000100000000)
  eden space 284672K, 100% used [0x00000000eab00000,0x00000000fc100000,0x00000000fc100000)
  from space 29184K, 37% used [0x00000000fc100000,0x00000000fcbd0010,0x00000000fdd80000)
  to   space 28160K, 0% used [0x00000000fe400000,0x00000000fe400000,0x00000000fff80000)
 ParOldGen       total 539136K, used 220610K [0x00000000c0000000, 0x00000000e0e80000, 0x00000000eab00000)
  object space 539136K, 40% used [0x00000000c0000000,0x00000000cd7709e8,0x00000000e0e80000)
 Metaspace       used 99349K, capacity 100840K, committed 101016K, reserved 1138688K
  class space    used 11084K, capacity 11400K, committed 11432K, reserved 1048576K
Event: 225.333 GC heap after
Heap after GC invocations=62 (full 4):
 PSYoungGen      total 318464K, used 11424K [0x00000000eab00000, 0x00000000ffe00000, 0x0000000100000000)
  eden space 291840K, 0% used [0x00000000eab00000,0x00000000eab00000,0x00000000fc800000)
  from space 26624K, 42% used [0x00000000fe400000,0x00000000fef28010,0x00000000ffe00000)
  to   space 27648K, 0% used [0x00000000fc800000,0x00000000fc800000,0x00000000fe300000)
 ParOldGen       total 539136K, used 220618K [0x00000000c0000000, 0x00000000e0e80000, 0x00000000eab00000)
  object space 539136K, 40% used [0x00000000c0000000,0x00000000cd7729e8,0x00000000e0e80000)
 Metaspace       used 99349K, capacity 100840K, committed 101016K, reserved 1138688K
  class space    used 11084K, capacity 11400K, committed 11432K, reserved 1048576K
}
Event: 242.759 GC heap before
{Heap before GC invocations=63 (full 4):
 PSYoungGen      total 318464K, used 303264K [0x00000000eab00000, 0x00000000ffe00000, 0x0000000100000000)
  eden space 291840K, 100% used [0x00000000eab00000,0x00000000fc800000,0x00000000fc800000)
  from space 26624K, 42% used [0x00000000fe400000,0x00000000fef28010,0x00000000ffe00000)
  to   space 27648K, 0% used [0x00000000fc800000,0x00000000fc800000,0x00000000fe300000)
 ParOldGen       total 539136K, used 220618K [0x00000000c0000000, 0x00000000e0e80000, 0x00000000eab00000)
  object space 539136K, 40% used [0x00000000c0000000,0x00000000cd7729e8,0x00000000e0e80000)
 Metaspace       used 107404K, capacity 108920K, committed 109208K, reserved 1146880K
  class space    used 11816K, capacity 12156K, committed 12200K, reserved 1048576K
Event: 242.775 GC heap after
Heap after GC invocations=63 (full 4):
 PSYoungGen      total 313344K, used 21265K [0x00000000eab00000, 0x0000000100000000, 0x0000000100000000)
  eden space 291840K, 0% used [0x00000000eab00000,0x00000000eab00000,0x00000000fc800000)
  from space 21504K, 98% used [0x00000000fc800000,0x00000000fdcc4660,0x00000000fdd00000)
  to   space 30208K, 0% used [0x00000000fe280000,0x00000000fe280000,0x0000000100000000)
 ParOldGen       total 539136K, used 220626K [0x00000000c0000000, 0x00000000e0e80000, 0x00000000eab00000)
  object space 539136K, 40% used [0x00000000c0000000,0x00000000cd7749e8,0x00000000e0e80000)
 Metaspace       used 107404K, capacity 108920K, committed 109208K, reserved 1146880K
  class space    used 11816K, capacity 12156K, committed 12200K, reserved 1048576K
}
Event: 281.882 GC heap before
{Heap before GC invocations=64 (full 4):
 PSYoungGen      total 313344K, used 313105K [0x00000000eab00000, 0x0000000100000000, 0x0000000100000000)
  eden space 291840K, 100% used [0x00000000eab00000,0x00000000fc800000,0x00000000fc800000)
  from space 21504K, 98% used [0x00000000fc800000,0x00000000fdcc4660,0x00000000fdd00000)
  to   space 30208K, 0% used [0x00000000fe280000,0x00000000fe280000,0x0000000100000000)
 ParOldGen       total 539136K, used 220626K [0x00000000c0000000, 0x00000000e0e80000, 0x00000000eab00000)
  object space 539136K, 40% used [0x00000000c0000000,0x00000000cd7749e8,0x00000000e0e80000)
 Metaspace       used 115307K, capacity 118444K, committed 118680K, reserved 1155072K
  class space    used 12837K, capacity 13405K, committed 13480K, reserved 1048576K
Event: 281.924 GC heap after
Heap after GC invocations=64 (full 4):
 PSYoungGen      total 311808K, used 25112K [0x00000000eab00000, 0x0000000100000000, 0x0000000100000000)
  eden space 281600K, 0% used [0x00000000eab00000,0x00000000eab00000,0x00000000fbe00000)
  from space 30208K, 83% used [0x00000000fe280000,0x00000000ffb06258,0x0000000100000000)
  to   space 33792K, 0% used [0x00000000fbe00000,0x00000000fbe00000,0x00000000fdf00000)
 ParOldGen       total 539136K, used 220634K [0x00000000c0000000, 0x00000000e0e80000, 0x00000000eab00000)
  object space 539136K, 40% used [0x00000000c0000000,0x00000000cd7769e8,0x00000000e0e80000)
 Metaspace       used 115307K, capacity 118444K, committed 118680K, reserved 1155072K
  class space    used 12837K, capacity 13405K, committed 13480K, reserved 1048576K
}
Event: 3263.369 GC heap before
{Heap before GC invocations=65 (full 4):
 PSYoungGen      total 311808K, used 306712K [0x00000000eab00000, 0x0000000100000000, 0x0000000100000000)
  eden space 281600K, 100% used [0x00000000eab00000,0x00000000fbe00000,0x00000000fbe00000)
  from space 30208K, 83% used [0x00000000fe280000,0x00000000ffb06258,0x0000000100000000)
  to   space 33792K, 0% used [0x00000000fbe00000,0x00000000fbe00000,0x00000000fdf00000)
 ParOldGen       total 539136K, used 220634K [0x00000000c0000000, 0x00000000e0e80000, 0x00000000eab00000)
  object space 539136K, 40% used [0x00000000c0000000,0x00000000cd7769e8,0x00000000e0e80000)
 Metaspace       used 118561K, capacity 122676K, committed 122904K, reserved 1159168K
  class space    used 13051K, capacity 13773K, committed 13864K, reserved 1048576K
Event: 3263.400 GC heap after
Heap after GC invocations=65 (full 4):
 PSYoungGen      total 297984K, used 22884K [0x00000000eab00000, 0x00000000ffd80000, 0x0000000100000000)
  eden space 274944K, 0% used [0x00000000eab00000,0x00000000eab00000,0x00000000fb780000)
  from space 23040K, 99% used [0x00000000fbe00000,0x00000000fd4592f0,0x00000000fd480000)
  to   space 35840K, 0% used [0x00000000fda80000,0x00000000fda80000,0x00000000ffd80000)
 ParOldGen       total 539136K, used 220650K [0x00000000c0000000, 0x00000000e0e80000, 0x00000000eab00000)
  object space 539136K, 40% used [0x00000000c0000000,0x00000000cd77a9e8,0x00000000e0e80000)
 Metaspace       used 118561K, capacity 122676K, committed 122904K, reserved 1159168K
  class space    used 13051K, capacity 13773K, committed 13864K, reserved 1048576K
}

