# JRE version: Java(TM) SE Runtime Environment (8.0_66-b17) (build 1.8.0_66-b17)
# Java VM: Java HotSpot(TM) 64-Bit Server VM (25.66-b17 mixed mode windows-amd64 compressed oops)
Heap:
 PSYoungGen      total 31232K, used 28069K [0x00000000fe000000, 0x0000000100000000, 0x0000000100000000)
  eden space 29696K, 91% used [0x00000000fe000000,0x00000000ffa816e0,0x00000000ffd00000)
  from space 1536K, 60% used [0x00000000ffe80000,0x00000000fff68000,0x0000000100000000)
  to   space 1536K, 0% used [0x00000000ffd00000,0x00000000ffd00000,0x00000000ffe80000)
 ParOldGen       total 218112K, used 179029K [0x00000000f0000000, 0x00000000fd500000, 0x00000000fe000000)
  object space 218112K, 82% used [0x00000000f0000000,0x00000000faed55a0,0x00000000fd500000)
 Metaspace       used 93178K, capacity 94630K, committed 95744K, reserved 1134592K
  class space    used 10842K, capacity 11069K, committed 11264K, reserved 1048576K
GC Heap History (10 events):
Event: 15312.777 GC heap before
{Heap before GC invocations=258 (full 36):
 PSYoungGen      total 31232K, used 30592K [0x00000000fe000000, 0x0000000100000000, 0x0000000100000000)
  eden space 29696K, 100% used [0x00000000fe000000,0x00000000ffd00000,0x00000000ffd00000)
  from space 1536K, 58% used [0x00000000ffd00000,0x00000000ffde0000,0x00000000ffe80000)
  to   space 1536K, 0% used [0x00000000ffe80000,0x00000000ffe80000,0x0000000100000000)
 ParOldGen       total 218112K, used 179029K [0x00000000f0000000, 0x00000000fd500000, 0x00000000fe000000)
  object space 218112K, 82% used [0x00000000f0000000,0x00000000faed55a0,0x00000000fd500000)
 Metaspace       used 93133K, capacity 94566K, committed 95744K, reserved 1134592K
  class space    used 10840K, capacity 11069K, committed 11264K, reserved 1048576K
Event: 15312.793 GC heap after
Heap after GC invocations=258 (full 36):
 PSYoungGen      total 31232K, used 960K [0x00000000fe000000, 0x0000000100000000, 0x0000000100000000)
  eden space 29696K, 0% used [0x00000000fe000000,0x00000000fe000000,0x00000000ffd00000)
  from space 1536K, 62% used [0x00000000ffe80000,0x00000000fff70000,0x0000000100000000)
  to   space 1536K, 0% used [0x00000000ffd00000,0x00000000ffd00000,0x00000000ffe80000)
 ParOldGen       total 218112K, used 179029K [0x00000000f0000000, 0x00000000fd500000, 0x00000000fe000000)
  object space 218112K, 82% used [0x00000000f0000000,0x00000000faed55a0,0x00000000fd500000)
 Metaspace       used 93133K, capacity 94566K, committed 95744K, reserved 1134592K
  class space    used 10840K, capacity 11069K, committed 11264K, reserved 1048576K
}
Event: 15721.490 GC heap before
{Heap before GC invocations=259 (full 36):
 PSYoungGen      total 31232K, used 30656K [0x00000000fe000000, 0x0000000100000000, 0x0000000100000000)
  eden space 29696K, 100% used [0x00000000fe000000,0x00000000ffd00000,0x00000000ffd00000)
  from space 1536K, 62% used [0x00000000ffe80000,0x00000000fff70000,0x0000000100000000)
  to   space 1536K, 0% used [0x00000000ffd00000,0x00000000ffd00000,0x00000000ffe80000)
 ParOldGen       total 218112K, used 179029K [0x00000000f0000000, 0x00000000fd500000, 0x00000000fe000000)
  object space 218112K, 82% used [0x00000000f0000000,0x00000000faed55a0,0x00000000fd500000)
 Metaspace       used 93164K, capacity 94630K, committed 95744K, reserved 1134592K
  class space    used 10840K, capacity 11069K, committed 11264K, reserved 1048576K
Event: 15721.501 GC heap after
Heap after GC invocations=259 (full 36):
 PSYoungGen      total 31232K, used 960K [0x00000000fe000000, 0x0000000100000000, 0x0000000100000000)
  eden space 29696K, 0% used [0x00000000fe000000,0x00000000fe000000,0x00000000ffd00000)
  from space 1536K, 62% used [0x00000000ffd00000,0x00000000ffdf0000,0x00000000ffe80000)
  to   space 1536K, 0% used [0x00000000ffe80000,0x00000000ffe80000,0x0000000100000000)
 ParOldGen       total 218112K, used 179029K [0x00000000f0000000, 0x00000000fd500000, 0x00000000fe000000)
  object space 218112K, 82% used [0x00000000f0000000,0x00000000faed55a0,0x00000000fd500000)
 Metaspace       used 93164K, capacity 94630K, committed 95744K, reserved 1134592K
  class space    used 10840K, capacity 11069K, committed 11264K, reserved 1048576K
}
Event: 16133.521 GC heap before
{Heap before GC invocations=260 (full 36):
 PSYoungGen      total 31232K, used 30656K [0x00000000fe000000, 0x0000000100000000, 0x0000000100000000)
  eden space 29696K, 100% used [0x00000000fe000000,0x00000000ffd00000,0x00000000ffd00000)
  from space 1536K, 62% used [0x00000000ffd00000,0x00000000ffdf0000,0x00000000ffe80000)
  to   space 1536K, 0% used [0x00000000ffe80000,0x00000000ffe80000,0x0000000100000000)
 ParOldGen       total 218112K, used 179029K [0x00000000f0000000, 0x00000000fd500000, 0x00000000fe000000)
  object space 218112K, 82% used [0x00000000f0000000,0x00000000faed55a0,0x00000000fd500000)
 Metaspace       used 93164K, capacity 94630K, committed 95744K, reserved 1134592K
  class space    used 10840K, capacity 11069K, committed 11264K, reserved 1048576K
Event: 16133.536 GC heap after
Heap after GC invocations=260 (full 36):
 PSYoungGen      total 31232K, used 928K [0x00000000fe000000, 0x0000000100000000, 0x0000000100000000)
  eden space 29696K, 0% used [0x00000000fe000000,0x00000000fe000000,0x00000000ffd00000)
  from space 1536K, 60% used [0x00000000ffe80000,0x00000000fff68000,0x0000000100000000)
  to   space 1536K, 0% used [0x00000000ffd00000,0x00000000ffd00000,0x00000000ffe80000)
 ParOldGen       total 218112K, used 179029K [0x00000000f0000000, 0x00000000fd500000, 0x00000000fe000000)
  object space 218112K, 82% used [0x00000000f0000000,0x00000000faed55a0,0x00000000fd500000)
 Metaspace       used 93164K, capacity 94630K, committed 95744K, reserved 1134592K
  class space    used 10840K, capacity 11069K, committed 11264K, reserved 1048576K
}
Event: 16540.986 GC heap before
{Heap before GC invocations=261 (full 36):
 PSYoungGen      total 31232K, used 30624K [0x00000000fe000000, 0x0000000100000000, 0x0000000100000000)
  eden space 29696K, 100% used [0x00000000fe000000,0x00000000ffd00000,0x00000000ffd00000)
  from space 1536K, 60% used [0x00000000ffe80000,0x00000000fff68000,0x0000000100000000)
  to   space 1536K, 0% used [0x00000000ffd00000,0x00000000ffd00000,0x00000000ffe80000)
 ParOldGen       total 218112K, used 179029K [0x00000000f0000000, 0x00000000fd500000, 0x00000000fe000000)
  object space 218112K, 82% used [0x00000000f0000000,0x00000000faed55a0,0x00000000fd500000)
 Metaspace       used 93165K, capacity 94630K, committed 95744K, reserved 1134592K
  class space    used 10840K, capacity 11069K, committed 11264K, reserved 1048576K
Event: 16540.990 GC heap after
Heap after GC invocations=261 (full 36):
 PSYoungGen      total 31232K, used 928K [0x00000000fe000000, 0x0000000100000000, 0x0000000100000000)
  eden space 29696K, 0% used [0x00000000fe000000,0x00000000fe000000,0x00000000ffd00000)
  from space 1536K, 60% used [0x00000000ffd00000,0x00000000ffde8000,0x00000000ffe80000)
  to   space 1536K, 0% used [0x00000000ffe80000,0x00000000ffe80000,0x0000000100000000)
 ParOldGen       total 218112K, used 179029K [0x00000000f0000000, 0x00000000fd500000, 0x00000000fe000000)
  object space 218112K, 82% used [0x00000000f0000000,0x00000000faed55a0,0x00000000fd500000)
 Metaspace       used 93165K, capacity 94630K, committed 95744K, reserved 1134592K
  class space    used 10840K, capacity 11069K, committed 11264K, reserved 1048576K
}
Event: 16948.302 GC heap before
{Heap before GC invocations=262 (full 36):
 PSYoungGen      total 31232K, used 30624K [0x00000000fe000000, 0x0000000100000000, 0x0000000100000000)
  eden space 29696K, 100% used [0x00000000fe000000,0x00000000ffd00000,0x00000000ffd00000)
  from space 1536K, 60% used [0x00000000ffd00000,0x00000000ffde8000,0x00000000ffe80000)
  to   space 1536K, 0% used [0x00000000ffe80000,0x00000000ffe80000,0x0000000100000000)
 ParOldGen       total 218112K, used 179029K [0x00000000f0000000, 0x00000000fd500000, 0x00000000fe000000)
  object space 218112K, 82% used [0x00000000f0000000,0x00000000faed55a0,0x00000000fd500000)
 Metaspace       used 93169K, capacity 94630K, committed 95744K, reserved 1134592K
  class space    used 10841K, capacity 11069K, committed 11264K, reserved 1048576K
Event: 16948.361 GC heap after
Heap after GC invocations=262 (full 36):
 PSYoungGen      total 31232K, used 928K [0x00000000fe000000, 0x0000000100000000, 0x0000000100000000)
  eden space 29696K, 0% used [0x00000000fe000000,0x00000000fe000000,0x00000000ffd00000)
  from space 1536K, 60% used [0x00000000ffe80000,0x00000000fff68000,0x0000000100000000)
  to   space 1536K, 0% used [0x00000000ffd00000,0x00000000ffd00000,0x00000000ffe80000)
 ParOldGen       total 218112K, used 179029K [0x00000000f0000000, 0x00000000fd500000, 0x00000000fe000000)
  object space 218112K, 82% used [0x00000000f0000000,0x00000000faed55a0,0x00000000fd500000)
 Metaspace       used 93169K, capacity 94630K, committed 95744K, reserved 1134592K
  class space    used 10841K, capacity 11069K, committed 11264K, reserved 1048576K
}

