# JRE version: Java(TM) SE Runtime Environment (8.0_121-b13) (build 1.8.0_121-b13)
# Java VM: Java HotSpot(TM) 64-Bit Server VM (25.121-b13 mixed mode windows-amd64 compressed oops)
Heap:
 PSYoungGen      total 653824K, used 479743K [0x000000076b300000, 0x0000000795800000, 0x00000007c0000000)
  eden space 619520K, 73% used [0x000000076b300000,0x000000078710b3e0,0x0000000791000000)
  from space 34304K, 67% used [0x0000000793280000,0x00000007948f4980,0x0000000795400000)
  to   space 35328K, 0% used [0x0000000791000000,0x0000000791000000,0x0000000793280000)
 ParOldGen       total 226816K, used 84719K [0x00000006c1800000, 0x00000006cf580000, 0x000000076b300000)
  object space 226816K, 37% used [0x00000006c1800000,0x00000006c6abbf28,0x00000006cf580000)
 Metaspace       used 98334K, capacity 100136K, committed 100440K, reserved 1138688K
  class space    used 11717K, capacity 12071K, committed 12160K, reserved 1048576K
GC Heap History (10 events):
Event: 2742.677 GC heap before
{Heap before GC invocations=31 (full 4):
 PSYoungGen      total 648704K, used 648697K [0x000000076b300000, 0x0000000795280000, 0x00000007c0000000)
  eden space 619520K, 100% used [0x000000076b300000,0x0000000791000000,0x0000000791000000)
  from space 29184K, 99% used [0x0000000793600000,0x000000079527e4c8,0x0000000795280000)
  to   space 33792K, 0% used [0x0000000791080000,0x0000000791080000,0x0000000793180000)
 ParOldGen       total 226816K, used 67969K [0x00000006c1800000, 0x00000006cf580000, 0x000000076b300000)
  object space 226816K, 29% used [0x00000006c1800000,0x00000006c5a60728,0x00000006cf580000)
 Metaspace       used 95297K, capacity 96874K, committed 97112K, reserved 1134592K
  class space    used 11519K, capacity 11841K, committed 11904K, reserved 1048576K
Event: 2742.700 GC heap after
Heap after GC invocations=31 (full 4):
 PSYoungGen      total 619008K, used 23433K [0x000000076b300000, 0x0000000793d80000, 0x00000007c0000000)
  eden space 595456K, 0% used [0x000000076b300000,0x000000076b300000,0x000000078f880000)
  from space 23552K, 99% used [0x0000000791080000,0x0000000792762670,0x0000000792780000)
  to   space 22528K, 0% used [0x0000000792780000,0x0000000792780000,0x0000000793d80000)
 ParOldGen       total 226816K, used 67977K [0x00000006c1800000, 0x00000006cf580000, 0x000000076b300000)
  object space 226816K, 29% used [0x00000006c1800000,0x00000006c5a62728,0x00000006cf580000)
 Metaspace       used 95297K, capacity 96874K, committed 97112K, reserved 1134592K
  class space    used 11519K, capacity 11841K, committed 11904K, reserved 1048576K
}
Event: 2812.740 GC heap before
{Heap before GC invocations=32 (full 4):
 PSYoungGen      total 619008K, used 99111K [0x000000076b300000, 0x0000000793d80000, 0x00000007c0000000)
  eden space 595456K, 12% used [0x000000076b300000,0x000000076fce75b8,0x000000078f880000)
  from space 23552K, 99% used [0x0000000791080000,0x0000000792762670,0x0000000792780000)
  to   space 22528K, 0% used [0x0000000792780000,0x0000000792780000,0x0000000793d80000)
 ParOldGen       total 226816K, used 67977K [0x00000006c1800000, 0x00000006cf580000, 0x000000076b300000)
  object space 226816K, 29% used [0x00000006c1800000,0x00000006c5a62728,0x00000006cf580000)
 Metaspace       used 95416K, capacity 97008K, committed 97112K, reserved 1134592K
  class space    used 11521K, capacity 11843K, committed 11904K, reserved 1048576K
Event: 2812.858 GC heap after
Heap after GC invocations=32 (full 4):
 PSYoungGen      total 616960K, used 18601K [0x000000076b300000, 0x0000000793c80000, 0x00000007c0000000)
  eden space 595456K, 0% used [0x000000076b300000,0x000000076b300000,0x000000078f880000)
  from space 21504K, 86% used [0x0000000792780000,0x00000007939aa560,0x0000000793c80000)
  to   space 34816K, 0% used [0x000000078f880000,0x000000078f880000,0x0000000791a80000)
 ParOldGen       total 226816K, used 67977K [0x00000006c1800000, 0x00000006cf580000, 0x000000076b300000)
  object space 226816K, 29% used [0x00000006c1800000,0x00000006c5a62728,0x00000006cf580000)
 Metaspace       used 95416K, capacity 97008K, committed 97112K, reserved 1134592K
  class space    used 11521K, capacity 11843K, committed 11904K, reserved 1048576K
}
Event: 2812.858 GC heap before
{Heap before GC invocations=33 (full 5):
 PSYoungGen      total 616960K, used 18601K [0x000000076b300000, 0x0000000793c80000, 0x00000007c0000000)
  eden space 595456K, 0% used [0x000000076b300000,0x000000076b300000,0x000000078f880000)
  from space 21504K, 86% used [0x0000000792780000,0x00000007939aa560,0x0000000793c80000)
  to   space 34816K, 0% used [0x000000078f880000,0x000000078f880000,0x0000000791a80000)
 ParOldGen       total 226816K, used 67977K [0x00000006c1800000, 0x00000006cf580000, 0x000000076b300000)
  object space 226816K, 29% used [0x00000006c1800000,0x00000006c5a62728,0x00000006cf580000)
 Metaspace       used 95416K, capacity 97008K, committed 97112K, reserved 1134592K
  class space    used 11521K, capacity 11843K, committed 11904K, reserved 1048576K
Event: 2813.933 GC heap after
Heap after GC invocations=33 (full 5):
 PSYoungGen      total 616960K, used 0K [0x000000076b300000, 0x0000000793c80000, 0x00000007c0000000)
  eden space 595456K, 0% used [0x000000076b300000,0x000000076b300000,0x000000078f880000)
  from space 21504K, 0% used [0x0000000792780000,0x0000000792780000,0x0000000793c80000)
  to   space 34816K, 0% used [0x000000078f880000,0x000000078f880000,0x0000000791a80000)
 ParOldGen       total 226816K, used 84703K [0x00000006c1800000, 0x00000006cf580000, 0x000000076b300000)
  object space 226816K, 37% used [0x00000006c1800000,0x00000006c6ab7f28,0x00000006cf580000)
 Metaspace       used 95379K, capacity 96948K, committed 97112K, reserved 1134592K
  class space    used 11515K, capacity 11833K, committed 11904K, reserved 1048576K
}
Event: 2819.550 GC heap before
{Heap before GC invocations=34 (full 5):
 PSYoungGen      total 616960K, used 595456K [0x000000076b300000, 0x0000000793c80000, 0x00000007c0000000)
  eden space 595456K, 100% used [0x000000076b300000,0x000000078f880000,0x000000078f880000)
  from space 21504K, 0% used [0x0000000792780000,0x0000000792780000,0x0000000793c80000)
  to   space 34816K, 0% used [0x000000078f880000,0x000000078f880000,0x0000000791a80000)
 ParOldGen       total 226816K, used 84703K [0x00000006c1800000, 0x00000006cf580000, 0x000000076b300000)
  object space 226816K, 37% used [0x00000006c1800000,0x00000006c6ab7f28,0x00000006cf580000)
 Metaspace       used 95882K, capacity 97514K, committed 97624K, reserved 1134592K
  class space    used 11550K, capacity 11874K, committed 11904K, reserved 1048576K
Event: 2819.557 GC heap after
Heap after GC invocations=34 (full 5):
 PSYoungGen      total 630272K, used 7332K [0x000000076b300000, 0x0000000795400000, 0x00000007c0000000)
  eden space 595456K, 0% used [0x000000076b300000,0x000000076b300000,0x000000078f880000)
  from space 34816K, 21% used [0x000000078f880000,0x000000078ffa9290,0x0000000791a80000)
  to   space 34304K, 0% used [0x0000000793280000,0x0000000793280000,0x0000000795400000)
 ParOldGen       total 226816K, used 84711K [0x00000006c1800000, 0x00000006cf580000, 0x000000076b300000)
  object space 226816K, 37% used [0x00000006c1800000,0x00000006c6ab9f28,0x00000006cf580000)
 Metaspace       used 95882K, capacity 97514K, committed 97624K, reserved 1134592K
  class space    used 11550K, capacity 11874K, committed 11904K, reserved 1048576K
}
Event: 2827.750 GC heap before
{Heap before GC invocations=35 (full 5):
 PSYoungGen      total 630272K, used 602788K [0x000000076b300000, 0x0000000795400000, 0x00000007c0000000)
  eden space 595456K, 100% used [0x000000076b300000,0x000000078f880000,0x000000078f880000)
  from space 34816K, 21% used [0x000000078f880000,0x000000078ffa9290,0x0000000791a80000)
  to   space 34304K, 0% used [0x0000000793280000,0x0000000793280000,0x0000000795400000)
 ParOldGen       total 226816K, used 84711K [0x00000006c1800000, 0x00000006cf580000, 0x000000076b300000)
  object space 226816K, 37% used [0x00000006c1800000,0x00000006c6ab9f28,0x00000006cf580000)
 Metaspace       used 96946K, capacity 98604K, committed 98776K, reserved 1136640K
  class space    used 11625K, capacity 11949K, committed 12032K, reserved 1048576K
Event: 2827.775 GC heap after
Heap after GC invocations=35 (full 5):
 PSYoungGen      total 653824K, used 22994K [0x000000076b300000, 0x0000000795800000, 0x00000007c0000000)
  eden space 619520K, 0% used [0x000000076b300000,0x000000076b300000,0x0000000791000000)
  from space 34304K, 67% used [0x0000000793280000,0x00000007948f4980,0x0000000795400000)
  to   space 35328K, 0% used [0x0000000791000000,0x0000000791000000,0x0000000793280000)
 ParOldGen       total 226816K, used 84719K [0x00000006c1800000, 0x00000006cf580000, 0x000000076b300000)
  object space 226816K, 37% used [0x00000006c1800000,0x00000006c6abbf28,0x00000006cf580000)
 Metaspace       used 96946K, capacity 98604K, committed 98776K, reserved 1136640K
  class space    used 11625K, capacity 11949K, committed 12032K, reserved 1048576K
}

